Arguments: 
  C:\Program Files\nodejs\node.exe C:\Users\Mathis Burger\AppData\Roaming\npm\node_modules\yarn\bin\yarn.js add -D @rollup/plugin-typescript typescript tslib

PATH: 
  C:\Windows\system32;C:\Windows;C:\Windows\System32\Wbem;C:\Windows\System32\WindowsPowerShell\v1.0\;C:\Windows\System32\OpenSSH\;C:\Program Files (x86)\ATI Technologies\ATI.ACE\Core-Static;C:\Program Files\Git\cmd;C:\Program Files\nodejs\;C:\Program Files\Go\bin;C:\Program Files\Docker\Docker\resources\bin;C:\ProgramData\DockerDesktop\version-bin;C:\Users\Mathis Burger\.cargo\bin;C:\Users\Mathis Burger\AppData\Local\Microsoft\WindowsApps;;C:\Users\Mathis Burger\AppData\Local\Programs\Microsoft VS Code\bin;C:\Users\Mathis Burger\AppData\Roaming\npm;C:\Users\Mathis Burger\go\bin

Yarn version: 
  1.22.10

Node version: 
  14.16.0

Platform: 
  win32 x64

Trace: 
  Error: EPERM: operation not permitted, unlink 'C:\Users\Mathis Burger\Desktop\MathOnWeb\node_modules\node-sass\vendor\win32-x64-83\binding.node'

npm manifest: 
  {
  	"name": "~TODO~",
  	"version": "0.0.1",
  	"scripts": {
  		"dev": "svelte-kit dev",
  		"build": "svelte-kit build && node src/fix-typos.js",
  		"preview": "svelte-kit preview",
  		"check": "svelte-check --tsconfig ./tsconfig.json",
  		"check:watch": "svelte-check --tsconfig ./tsconfig.json --watch",
  		"lint": "prettier --check --plugin-search-dir=. . && eslint --ignore-path .gitignore .",
  		"format": "prettier --write --plugin-search-dir=. ."
  	},
  	"devDependencies": {
  		"@sveltejs/adapter-static": "^1.0.0-next.13",
  		"@sveltejs/kit": "next",
  		"@types/cookie": "^0.4.0",
  		"@typescript-eslint/eslint-plugin": "^4.19.0",
  		"@typescript-eslint/parser": "^4.19.0",
  		"eslint": "^7.22.0",
  		"eslint-config-prettier": "^8.1.0",
  		"eslint-plugin-svelte3": "^3.2.0",
  		"prettier": "~2.2.1",
  		"prettier-plugin-svelte": "^2.2.0",
  		"svelte": "^3.34.0",
  		"svelte-check": "^2.0.0",
  		"svelte-preprocess": "^4.0.0",
  		"tslib": "^2.0.0",
  		"typescript": "^4.0.0"
  	},
  	"type": "module",
  	"dependencies": {
  		"@tsconfig/svelte": "^2.0.1",
  		"cookie": "^0.4.1",
  		"fs": "0.0.1-security",
  		"node-sass": "^6.0.0",
  		"path": "^0.12.7"
  	}
  }

yarn manifest: 
  No manifest

Lockfile: 
  No lockfile
